2020-10-26 11:33:43.462 [main] INFO  com.web.repository.UserDao - Failed to find all usersjava.sql.SQLException: The url cannot be null
2020-10-26 11:37:44.988 [main] INFO  com.web.repository.UserDao - Failed to find all usersjava.sql.SQLException: The url cannot be null
2020-10-26 11:40:36.867 [main] INFO  com.web.repository.UserDao - Failed to find all usersjava.sql.SQLException: The url cannot be null
2020-10-26 11:57:17.991 [main] INFO  com.web.repository.UserDao - Failed to find all usersjava.sql.SQLException: The url cannot be null
2020-10-26 11:58:07.671 [main] INFO  com.web.repository.UserDao - Failed to find all usersorg.postgresql.util.PSQLException: FATAL: role "p_1_user" is not permitted to log in
2020-10-26 11:59:52.044 [main] INFO  com.web.repository.UserDao - Failed to find all usersorg.postgresql.util.PSQLException: FATAL: role "p_1_user" is not permitted to log in
2020-10-26 12:20:02.241 [main] INFO  com.web.repository.UserDao - Failed to find all usersorg.postgresql.util.PSQLException: The server requested password-based authentication, but no password was provided.
2020-10-26 12:21:09.085 [main] INFO  com.web.repository.UserDao - Selected all users
2020-10-26 12:22:20.292 [main] INFO  com.web.repository.UserDao - Failed to add a new userorg.postgresql.util.PSQLException: ERROR: permission denied for sequence ers_users_ers_users_id_seq
2020-10-26 12:25:12.232 [main] INFO  com.web.repository.UserDao - Failed to add a new userorg.postgresql.util.PSQLException: ERROR: insert or update on table "ers_users" violates foreign key constraint "ers_users_user_role_id_fkey"
  Detail: Key (user_role_id)=(0) is not present in table "ers_user_roles".
2020-10-26 12:29:13.556 [main] INFO  com.web.repository.UserDao - Failed to add a new userorg.postgresql.util.PSQLException: ERROR: insert or update on table "ers_users" violates foreign key constraint "ers_users_user_role_id_fkey"
  Detail: Key (user_role_id)=(1) is not present in table "ers_user_roles".
2020-10-26 12:30:02.864 [main] INFO  com.web.repository.UserDao - Created a new user
2020-10-26 12:31:30.783 [main] INFO  com.web.repository.UserDao - Deleted one user
2020-10-26 12:31:43.759 [main] INFO  com.web.repository.UserDao - Created a new user
2020-10-26 12:32:02.377 [main] INFO  com.web.repository.UserDao - Selected all users
2020-10-26 12:33:47.108 [main] INFO  com.web.repository.UserDao - Selected one user by Id
2020-10-26 12:34:03.022 [main] INFO  com.web.repository.UserDao - Selected one user by username
2020-10-26 12:34:28.021 [main] INFO  com.web.repository.UserDao - Selected one user by username
2020-10-26 12:36:26.530 [main] INFO  com.web.repository.UserDao - Updated a user
2020-10-26 12:40:03.830 [main] INFO  com.web.repository.ReimbursementDao - Created a new reimbursement request
2020-10-26 12:41:38.562 [main] INFO  com.web.repository.ReimbursementDao - Updated reimbursement request
2020-10-26 12:41:54.638 [main] INFO  com.web.repository.ReimbursementDao - Selected all reimbursement requests
2020-10-26 12:42:07.873 [main] INFO  com.web.repository.ReimbursementDao - Selected one reimbursement request by Id
2020-10-26 12:43:08.457 [main] INFO  com.web.repository.ReimbursementDao - Deleted one reimbursement request
2020-10-26 12:43:37.404 [main] INFO  com.web.repository.UserDao - Deleted one user
2020-10-26 12:51:45.146 [main] INFO  com.web.repository.UserDao - Selected all roles
2020-10-26 12:57:10.106 [main] INFO  com.web.repository.ReimbursementDao - Selected all reimbursement statuses
2020-10-26 12:57:22.974 [main] INFO  com.web.repository.ReimbursementDao - Selected all reimbursement types
2020-10-26 22:27:12.584 [main] INFO  com.web.repository.UserDao - Selected one user by username and password
2020-10-26 22:28:41.489 [main] INFO  com.web.repository.UserDao - Selected one user by username and password
2020-10-26 22:40:25.634 [main] INFO  com.web.repository.UserDao - Failed to find user by username and passwordjava.sql.SQLException: The url cannot be null
2020-10-26 22:40:25.638 [main] INFO  com.web.service.UserService - No user found in login service. java.lang.NullPointerException
2020-10-26 22:41:40.286 [main] INFO  com.web.repository.UserDao - Selected one user by username and password
2020-10-26 22:41:40.290 [main] INFO  com.web.service.UserService - No user found in login service. java.lang.NullPointerException
2020-10-26 22:42:23.353 [main] INFO  com.web.repository.UserDao - Selected one user by username and password
